[2022-01-03 21:42:06] request.INFO: Matched route "admin_themes_import". {"route":"admin_themes_import","route_parameters":{"_controller":"PrestaShopBundle\\Controller\\Admin\\Improve\\Design\\ThemeController::importAction","_legacy_controller":"AdminThemes","_legacy_link":"AdminThemes:importtheme","_route":"admin_themes_import"},"request_uri":"http://greenwat.eu/shop/admin671dxwfsm/index.php/improve/design/themes/import?_token=s02DhEwV1arwCRuDy3D0AvtS0bnIWhV8p-stnRnGfpg","method":"POST"} []
[2022-01-03 21:42:06] security.DEBUG: Read existing security token from the session. {"key":"_security_main","token_class":"Symfony\\Component\\Security\\Core\\Authentication\\Token\\UsernamePasswordToken"} []
[2022-01-03 21:42:06] security.DEBUG: User was reloaded from a user provider. {"provider":"PrestaShopBundle\\Security\\Admin\\EmployeeProvider","username":"admin@airon24.com"} []
[2022-01-03 21:42:10] app.ERROR: No result was found for query although at least one row was expected. {"object_type":"Translation"} []
[2022-01-03 21:42:10] app.ERROR: No result was found for query although at least one row was expected. {"object_type":"Translation"} []
[2022-01-03 21:42:10] app.ERROR: No result was found for query although at least one row was expected. {"object_type":"Translation"} []
[2022-01-03 21:42:10] app.ERROR: No result was found for query although at least one row was expected. {"object_type":"Translation"} []
[2022-01-03 21:42:10] app.ERROR: No result was found for query although at least one row was expected. {"object_type":"Translation"} []
[2022-01-03 21:42:10] app.ERROR: No result was found for query although at least one row was expected. {"object_type":"Translation"} []
[2022-01-03 21:42:10] app.ERROR: No result was found for query although at least one row was expected. {"object_type":"Translation"} []
[2022-01-03 21:42:10] app.ERROR: No result was found for query although at least one row was expected. {"object_type":"Translation"} []
[2022-01-03 21:42:10] app.ERROR: No result was found for query although at least one row was expected. {"object_type":"Translation"} []
[2022-01-03 21:42:10] app.ERROR: No result was found for query although at least one row was expected. {"object_type":"Translation"} []
[2022-01-03 21:42:10] app.ERROR: No result was found for query although at least one row was expected. {"object_type":"Translation"} []
[2022-01-03 21:42:10] app.ERROR: You must specify as many arguments (%d, %s ...) as the original string. {"object_type":"Translation"} []
[2022-01-03 21:42:10] app.ERROR: No result was found for query although at least one row was expected. {"object_type":"Translation"} []
[2022-01-03 21:42:10] app.ERROR: No result was found for query although at least one row was expected. {"object_type":"Translation"} []
[2022-01-03 21:42:10] app.ERROR: No result was found for query although at least one row was expected. {"object_type":"Translation"} []
[2022-01-03 21:42:10] app.ERROR: No result was found for query although at least one row was expected. {"object_type":"Translation"} []
[2022-01-03 21:42:10] app.ERROR: No result was found for query although at least one row was expected. {"object_type":"Translation"} []
[2022-01-03 21:42:10] app.ERROR: You must specify as many arguments (%d, %s ...) as the original string. {"object_type":"Translation"} []
[2022-01-03 21:42:10] app.ERROR: No result was found for query although at least one row was expected. {"object_type":"Translation"} []
[2022-01-03 21:42:10] app.ERROR: No result was found for query although at least one row was expected. {"object_type":"Translation"} []
[2022-01-03 21:42:10] app.ERROR: No result was found for query although at least one row was expected. {"object_type":"Translation"} []
[2022-01-03 21:42:10] app.ERROR: No result was found for query although at least one row was expected. {"object_type":"Translation"} []
[2022-01-03 21:42:10] app.ERROR: No result was found for query although at least one row was expected. {"object_type":"Translation"} []
[2022-01-03 21:42:10] app.ERROR: No result was found for query although at least one row was expected. {"object_type":"Translation"} []
[2022-01-03 21:42:10] app.ERROR: No result was found for query although at least one row was expected. {"object_type":"Translation"} []
[2022-01-03 21:42:10] app.ERROR: No result was found for query although at least one row was expected. {"object_type":"Translation"} []
[2022-01-03 21:42:10] app.ERROR: No result was found for query although at least one row was expected. {"object_type":"Translation"} []
[2022-01-03 21:42:10] app.ERROR: No result was found for query although at least one row was expected. {"object_type":"Translation"} []
[2022-01-03 21:42:10] security.DEBUG: Stored the security token in the session. {"key":"_security_main"} []
[2022-01-03 21:42:37] request.INFO: Matched route "admin_themes_enable". {"route":"admin_themes_enable","route_parameters":{"_controller":"PrestaShopBundle\\Controller\\Admin\\Improve\\Design\\ThemeController::enableAction","_legacy_controller":"AdminThemes","_legacy_link":"AdminThemes:enableTheme","_legacy_parameters":{"theme_name":"themeName"},"themeName":"rb_evo","_route":"admin_themes_enable"},"request_uri":"http://greenwat.eu/shop/admin671dxwfsm/index.php/improve/design/themes/rb_evo/enable?_token=s02DhEwV1arwCRuDy3D0AvtS0bnIWhV8p-stnRnGfpg","method":"POST"} []
[2022-01-03 21:42:37] security.DEBUG: Read existing security token from the session. {"key":"_security_main","token_class":"Symfony\\Component\\Security\\Core\\Authentication\\Token\\UsernamePasswordToken"} []
[2022-01-03 21:42:37] security.DEBUG: User was reloaded from a user provider. {"provider":"PrestaShopBundle\\Security\\Admin\\EmployeeProvider","username":"admin@airon24.com"} []
[2022-01-03 21:42:38] app.INFO: Protect vendor folder in module rbthemedream [] []
[2022-01-03 21:42:38] app.INFO: Module rbthemedream has no vendor folder [] []
[2022-01-03 21:42:38] app.INFO: Protect vendor folder in module rbthemeblog [] []
[2022-01-03 21:42:38] app.INFO: Module rbthemeblog has no vendor folder [] []
[2022-01-03 21:42:38] app.INFO: Protect vendor folder in module rbthemefunction [] []
[2022-01-03 21:42:38] app.INFO: Module rbthemefunction has no vendor folder [] []
[2022-01-03 21:42:39] app.INFO: Protect vendor folder in module rbthememenu [] []
[2022-01-03 21:42:39] app.INFO: Module rbthememenu has no vendor folder [] []
[2022-01-03 21:42:39] app.ERROR: Missing class name of tab [] []
[2022-01-03 21:42:39] app.ERROR: Missing class name of tab [] []
[2022-01-03 21:42:39] app.ERROR: Missing class name of tab [] []
[2022-01-03 21:42:39] app.ERROR: Missing class name of tab [] []
[2022-01-03 21:42:39] app.ERROR: Missing class name of tab [] []
[2022-01-03 21:42:39] app.ERROR: Missing class name of tab [] []
[2022-01-03 21:42:39] app.INFO: Protect vendor folder in module rbthemeslider [] []
[2022-01-03 21:42:39] app.INFO: Module rbthemeslider has no vendor folder [] []
[2022-01-03 21:42:39] app.INFO: Protect vendor folder in module rbproductdetail [] []
[2022-01-03 21:42:39] app.INFO: Module rbproductdetail has no vendor folder [] []
[2022-01-03 21:42:39] app.INFO: Protect vendor folder in module rbsizeguide [] []
[2022-01-03 21:42:39] app.INFO: Module rbsizeguide has no vendor folder [] []
[2022-01-03 21:42:39] app.INFO: Protect vendor folder in module ps_categorytree [] []
[2022-01-03 21:42:39] app.INFO: Module ps_categorytree has no vendor folder [] []
[2022-01-03 21:42:39] app.INFO: Protect vendor folder in module blockreassurance [] []
[2022-01-03 21:42:39] app.INFO: Module blockreassurance has no vendor folder [] []
[2022-01-03 21:42:39] app.INFO: Protect vendor folder in module ps_featuredproducts [] []
[2022-01-03 21:42:39] app.INFO: Module ps_featuredproducts has no vendor folder [] []
[2022-01-03 21:42:39] security.DEBUG: Stored the security token in the session. {"key":"_security_main"} []
[2022-01-05 16:11:50] request.INFO: Matched route "admin_product_new". {"route":"admin_product_new","route_parameters":{"_controller":"PrestaShopBundle\\Controller\\Admin\\ProductController::newAction","_route":"admin_product_new"},"request_uri":"http://greenwat.eu/shop/admin671dxwfsm/index.php/sell/catalog/products/new?token=9ebeaa6d56f8eb8d507e853cc2ed1bd0","method":"GET"} []
[2022-01-05 16:11:50] security.INFO: Populated the TokenStorage with an anonymous Token. [] []
[2022-01-05 16:11:51] request.CRITICAL: Uncaught PHP Exception InvalidArgumentException: "Unsupported Sentry DSN scheme: <not set>" at /home/daeovmkhla/domains/greenwat.eu/public_html/shop/modules/ps_facebook/vendor/sentry/sentry/lib/Raven/Client.php line 495 {"exception":"[object] (InvalidArgumentException(code: 0): Unsupported Sentry DSN scheme: <not set> at /home/daeovmkhla/domains/greenwat.eu/public_html/shop/modules/ps_facebook/vendor/sentry/sentry/lib/Raven/Client.php:495)"} []
[2022-01-05 16:11:51] security.DEBUG: Stored the security token in the session. {"key":"_security_main"} []
[2022-01-18 19:26:12] request.INFO: Matched route "admin_product_new". {"route":"admin_product_new","route_parameters":{"_controller":"PrestaShopBundle\\Controller\\Admin\\ProductController::newAction","_route":"admin_product_new"},"request_uri":"http://greenwat.eu/shop/admin671dxwfsm/index.php/sell/catalog/products/new?_token=BBBOe1T63QggeEGjIFaiJZnUsPeE7VqVkw18bKTvaS8","method":"GET"} []
[2022-01-18 19:26:12] security.DEBUG: Read existing security token from the session. {"key":"_security_main","token_class":"Symfony\\Component\\Security\\Core\\Authentication\\Token\\UsernamePasswordToken"} []
[2022-01-18 19:26:12] security.DEBUG: User was reloaded from a user provider. {"provider":"PrestaShopBundle\\Security\\Admin\\EmployeeProvider","username":"admin@airon24.com"} []
[2022-01-18 19:26:12] request.CRITICAL: Uncaught PHP Exception InvalidArgumentException: "Unsupported Sentry DSN scheme: <not set>" at /home/daeovmkhla/domains/greenwat.eu/public_html/shop/modules/ps_facebook/vendor/sentry/sentry/lib/Raven/Client.php line 495 {"exception":"[object] (InvalidArgumentException(code: 0): Unsupported Sentry DSN scheme: <not set> at /home/daeovmkhla/domains/greenwat.eu/public_html/shop/modules/ps_facebook/vendor/sentry/sentry/lib/Raven/Client.php:495)"} []
[2022-01-18 19:26:12] security.DEBUG: Stored the security token in the session. {"key":"_security_main"} []
[2022-01-23 17:29:29] request.INFO: Matched route "admin_product_catalog". {"route":"admin_product_catalog","route_parameters":{"_controller":"PrestaShopBundle\\Controller\\Admin\\ProductController::catalogAction","_legacy_controller":"AdminProducts","limit":"last","offset":0,"orderBy":"last","sortOrder":"last","_route":"admin_product_catalog"},"request_uri":"http://greenwat.eu/shop/admin671dxwfsm/index.php/sell/catalog/products?_token=uDRi1g6gWD7FC5HqRxPO7Acq74M-yZuWgOc17zVwRdY","method":"GET"} []
[2022-01-23 17:29:29] security.DEBUG: Read existing security token from the session. {"key":"_security_main","token_class":"Symfony\\Component\\Security\\Core\\Authentication\\Token\\UsernamePasswordToken"} []
[2022-01-23 17:29:29] security.DEBUG: User was reloaded from a user provider. {"provider":"PrestaShopBundle\\Security\\Admin\\EmployeeProvider","username":"admin@airon24.com"} []
[2022-01-23 17:29:29] request.CRITICAL: Uncaught PHP Exception InvalidArgumentException: "Unsupported Sentry DSN scheme: <not set>" at /home/daeovmkhla/domains/greenwat.eu/public_html/shop/modules/ps_facebook/vendor/sentry/sentry/lib/Raven/Client.php line 495 {"exception":"[object] (InvalidArgumentException(code: 0): Unsupported Sentry DSN scheme: <not set> at /home/daeovmkhla/domains/greenwat.eu/public_html/shop/modules/ps_facebook/vendor/sentry/sentry/lib/Raven/Client.php:495)"} []
[2022-01-23 17:29:29] security.DEBUG: Stored the security token in the session. {"key":"_security_main"} []
